<?xml version="1.0" encoding="UTF-8"?>
<testng-results skipped="0" failed="0" ignored="0" total="2" passed="2">
  <reporter-output>
  </reporter-output>
  <suite name="simplilearn" duration-ms="8371" started-at="2021-10-28T06:54:53 UTC" finished-at="2021-10-28T06:55:01 UTC">
    <groups>
    </groups>
    <test name="Test" duration-ms="8371" started-at="2021-10-28T06:54:53 UTC" finished-at="2021-10-28T06:55:01 UTC">
      <class name="test.LoginTest">
        <test-method status="PASS" signature="reportSetup()[pri:0, instance:test.LoginTest@7a187f14]" name="reportSetup" is-config="true" duration-ms="171" started-at="2021-10-28T06:54:53 UTC" finished-at="2021-10-28T06:54:53 UTC">
          <reporter-output>
          </reporter-output>
        </test-method> <!-- reportSetup -->
        <test-method status="PASS" signature="setup()[pri:0, instance:test.LoginTest@7a187f14]" name="setup" is-config="true" duration-ms="1414" started-at="2021-10-28T06:54:53 UTC" finished-at="2021-10-28T06:54:54 UTC">
          <reporter-output>
          </reporter-output>
        </test-method> <!-- setup -->
        <test-method status="PASS" signature="NegativeLogin(java.lang.String,java.lang.String)[pri:0, instance:test.LoginTest@7a187f14]" name="NegativeLogin" duration-ms="3398" started-at="2021-10-28T06:54:54 UTC" finished-at="2021-10-28T06:54:58 UTC">
          <params>
            <param index="0">
              <value>
                <![CDATA[abc@abc.com]]>
              </value>
            </param>
            <param index="1">
              <value>
                <![CDATA[Abcde123@]]>
              </value>
            </param>
          </params>
          <reporter-output>
          </reporter-output>
        </test-method> <!-- NegativeLogin -->
        <test-method status="PASS" signature="teardown()[pri:0, instance:test.LoginTest@7a187f14]" name="teardown" is-config="true" duration-ms="83" started-at="2021-10-28T06:54:58 UTC" finished-at="2021-10-28T06:54:58 UTC">
          <reporter-output>
          </reporter-output>
        </test-method> <!-- teardown -->
        <test-method status="PASS" signature="setup()[pri:0, instance:test.LoginTest@7a187f14]" name="setup" is-config="true" duration-ms="1340" started-at="2021-10-28T06:54:58 UTC" finished-at="2021-10-28T06:54:59 UTC">
          <reporter-output>
          </reporter-output>
        </test-method> <!-- setup -->
        <test-method status="PASS" signature="PositiveLogin(java.lang.String,java.lang.String)[pri:0, instance:test.LoginTest@7a187f14]" name="PositiveLogin" duration-ms="1621" started-at="2021-10-28T06:54:59 UTC" finished-at="2021-10-28T06:55:01 UTC">
          <params>
            <param index="0">
              <value>
                <![CDATA[abc@abc.com]]>
              </value>
            </param>
            <param index="1">
              <value>
                <![CDATA[Abcde123@]]>
              </value>
            </param>
          </params>
          <reporter-output>
          </reporter-output>
        </test-method> <!-- PositiveLogin -->
        <test-method status="PASS" signature="teardown()[pri:0, instance:test.LoginTest@7a187f14]" name="teardown" is-config="true" duration-ms="70" started-at="2021-10-28T06:55:01 UTC" finished-at="2021-10-28T06:55:01 UTC">
          <reporter-output>
          </reporter-output>
        </test-method> <!-- teardown -->
        <test-method status="PASS" signature="ReportTearDown()[pri:0, instance:test.LoginTest@7a187f14]" name="ReportTearDown" is-config="true" duration-ms="238" started-at="2021-10-28T06:55:01 UTC" finished-at="2021-10-28T06:55:01 UTC">
          <reporter-output>
          </reporter-output>
        </test-method> <!-- ReportTearDown -->
      </class> <!-- test.LoginTest -->
    </test> <!-- Test -->
  </suite> <!-- simplilearn -->
</testng-results>
